<?xml version="1.0" encoding="UTF-8"?>
<!-- Generated by org.testng.reporters.JUnitXMLReporter -->
<testsuite ignored="0" hostname="DESKTOP-1B6O86T" failures="0" tests="2" name="Default test" time="9.449" errors="0" timestamp="15 Dec 2019 21:58:02 GMT">
  <testcase classname="com.managebgl.qa.testcases.TC002_AddNewLog" name="VerifySucessResponseOnValidEntry" time="5.331"/>
  <testcase classname="com.managebgl.qa.testcases.TC002_AddNewLog" name="VerifyFailureResponseOnInvalidEntry" time="0.905"/>
</testsuite> <!-- Default test -->
